Drill report for charger ShutDown Circuit.kicad_pcb
Created on 12-12-2023 17:16:20

Copper Layer Stackup:
    =============================================================
    L1 :  F.Cu                      front
    L2 :  B.Cu                      back


Drill file 'charger ShutDown Circuit-PTH.drl' contains
    plated through holes:
    =============================================================
    T1  0.300mm  0.0118"  (5 holes)
    T2  0.750mm  0.0295"  (6 holes)
    T3  0.770mm  0.0303"  (14 holes)
    T4  0.800mm  0.0315"  (20 holes)
    T5  1.000mm  0.0394"  (4 holes)
    T6  1.050mm  0.0413"  (2 holes)
    T7  1.100mm  0.0433"  (13 holes)
    T8  1.200mm  0.0472"  (4 holes)
    T9  1.300mm  0.0512"  (14 holes)
    T10  1.500mm  0.0591"  (16 holes)

    Total plated holes count 98


Drill file 'charger ShutDown Circuit-NPTH.drl' contains
    unplated through holes:
    =============================================================
    T1  3.500mm  0.1378"  (4 holes)

    Total unplated holes count 4
